  HandModel.cpp
HandModel.cpp(388): warning C4244: “初始化”: 从“double”转换到“float”，可能丢失数据
HandModel.cpp(389): warning C4244: “初始化”: 从“double”转换到“float”，可能丢失数据
HandModel.cpp(391): warning C4244: “初始化”: 从“double”转换到“float”，可能丢失数据
HandModel.cpp(392): warning C4244: “初始化”: 从“double”转换到“float”，可能丢失数据
HandModel.cpp(394): warning C4244: “初始化”: 从“double”转换到“float”，可能丢失数据
HandModel.cpp(395): warning C4244: “初始化”: 从“double”转换到“float”，可能丢失数据
HandModel.cpp(660): warning C4244: “参数”: 从“float”转换到“Eigen::EigenBase<Derived>::Index”，可能丢失数据
          with
          [
              Derived=Eigen::Matrix<float,-1,-1,0,-1,-1>
          ]
HandModel.cpp(661): warning C4244: “参数”: 从“float”转换到“Eigen::EigenBase<Derived>::Index”，可能丢失数据
          with
          [
              Derived=Eigen::Matrix<float,-1,-1,0,-1,-1>
          ]
HandModel.cpp(662): warning C4244: “参数”: 从“float”转换到“Eigen::EigenBase<Derived>::Index”，可能丢失数据
          with
          [
              Derived=Eigen::Matrix<float,-1,-1,0,-1,-1>
          ]
HandModel.cpp(672): warning C4244: “参数”: 从“float”转换到“Eigen::EigenBase<Derived>::Index”，可能丢失数据
          with
          [
              Derived=Eigen::Matrix<float,-1,3,0,-1,3>
          ]
HandModel.cpp(673): warning C4244: “参数”: 从“float”转换到“Eigen::EigenBase<Derived>::Index”，可能丢失数据
          with
          [
              Derived=Eigen::Matrix<float,-1,3,0,-1,3>
          ]
HandModel.cpp(674): warning C4244: “参数”: 从“float”转换到“Eigen::EigenBase<Derived>::Index”，可能丢失数据
          with
          [
              Derived=Eigen::Matrix<float,-1,3,0,-1,3>
          ]
HandModel.cpp(676): warning C4244: “参数”: 从“float”转换到“Eigen::EigenBase<Derived>::Index”，可能丢失数据
          with
          [
              Derived=Eigen::Matrix<float,-1,3,0,-1,3>
          ]
HandModel.cpp(677): warning C4244: “参数”: 从“float”转换到“Eigen::EigenBase<Derived>::Index”，可能丢失数据
          with
          [
              Derived=Eigen::Matrix<float,-1,3,0,-1,3>
          ]
HandModel.cpp(678): warning C4244: “参数”: 从“float”转换到“Eigen::EigenBase<Derived>::Index”，可能丢失数据
          with
          [
              Derived=Eigen::Matrix<float,-1,3,0,-1,3>
          ]
HandModel.cpp(680): warning C4244: “参数”: 从“float”转换到“Eigen::EigenBase<Derived>::Index”，可能丢失数据
          with
          [
              Derived=Eigen::Matrix<float,-1,3,0,-1,3>
          ]
HandModel.cpp(681): warning C4244: “参数”: 从“float”转换到“Eigen::EigenBase<Derived>::Index”，可能丢失数据
          with
          [
              Derived=Eigen::Matrix<float,-1,3,0,-1,3>
          ]
HandModel.cpp(682): warning C4244: “参数”: 从“float”转换到“Eigen::EigenBase<Derived>::Index”，可能丢失数据
          with
          [
              Derived=Eigen::Matrix<float,-1,3,0,-1,3>
          ]
  源.cpp
源.cpp(105): warning C4305: “参数”: 从“double”到“GLfloat”截断
源.cpp(112): warning C4244: “参数”: 从“float”转换到“Eigen::EigenBase<Derived>::Index”，可能丢失数据
          with
          [
              Derived=Eigen::Matrix<float,-1,-1,0,-1,-1>
          ]
源.cpp(113): warning C4244: “参数”: 从“float”转换到“Eigen::EigenBase<Derived>::Index”，可能丢失数据
          with
          [
              Derived=Eigen::Matrix<float,-1,-1,0,-1,-1>
          ]
源.cpp(114): warning C4244: “参数”: 从“float”转换到“Eigen::EigenBase<Derived>::Index”，可能丢失数据
          with
          [
              Derived=Eigen::Matrix<float,-1,-1,0,-1,-1>
          ]
  正在生成代码
  217 of 7007 functions ( 3.1%) were compiled, the rest were copied from previous compilation.
    0 functions were new in current compilation
    52 functions had inline decision re-evaluated but remain unchanged
  已完成代码的生成
  AnotherNewHandmodel.vcxproj -> O:\AnotherNewHandmodel\x64\Release\AnotherNewHandmodel.exe
  AnotherNewHandmodel.vcxproj -> O:\AnotherNewHandmodel\x64\Release\AnotherNewHandmodel.pdb (Full PDB)
